current directory: /home/xao0isb/Desktop/test_project_1/ruby/3.1.0/gems/io-console-0.7.2/ext/io/console
/home/xao0isb/.rbenv/versions/3.1.2/bin/ruby -I /home/xao0isb/.rbenv/versions/3.1.2/lib/ruby/3.1.0 -r ./siteconf20240310-16680-uvxj14.rb extconf.rb
checking for rb_io_path()... no
checking for rb_io_descriptor()... yes
checking for rb_io_get_write_io()... yes
checking for rb_io_closed_p()... no
checking for rb_io_open_descriptor()... no
checking for termios.h... yes
checking for cfmakeraw() in termios.h... yes
checking for sys/ioctl.h... yes
checking for HAVE_RUBY_FIBER_SCHEDULER_H... yes
creating Makefile

current directory: /home/xao0isb/Desktop/test_project_1/ruby/3.1.0/gems/io-console-0.7.2/ext/io/console
make DESTDIR\= clean

current directory: /home/xao0isb/Desktop/test_project_1/ruby/3.1.0/gems/io-console-0.7.2/ext/io/console
make DESTDIR\=
compiling console.c
linking shared-object io/console.so

current directory: /home/xao0isb/Desktop/test_project_1/ruby/3.1.0/gems/io-console-0.7.2/ext/io/console
make DESTDIR\= install
/usr/bin/install -c -m 0755 console.so ./.gem.20240310-16680-fiq8b7/io
