current directory: /home/xao0isb/Desktop/test_project_1/ruby/3.1.0/gems/pg-1.5.6/ext
/home/xao0isb/.rbenv/versions/3.1.2/bin/ruby -I /home/xao0isb/.rbenv/versions/3.1.2/lib/ruby/3.1.0 -r ./siteconf20240310-16680-zut3w1.rb extconf.rb
Calling libpq with GVL unlocked
checking for pg_config... yes
Using config values from /home/linuxbrew/.linuxbrew/bin/pg_config
Using libpq from /home/linuxbrew/.linuxbrew/lib/postgresql@14
checking for libpq-fe.h... yes
checking for libpq/libpq-fs.h... yes
checking for pg_config_manual.h... yes
checking for PQconnectdb() in -lpq... yes
checking for PQconninfo() in libpq-fe.h... yes
checking for PQsslAttribute() in libpq-fe.h... yes
checking for PQresultVerboseErrorMessage() in libpq-fe.h... yes
checking for PQencryptPasswordConn() in libpq-fe.h... yes
checking for PQresultMemorySize() in libpq-fe.h... yes
checking for PQenterPipelineMode() in libpq-fe.h... yes
checking for timegm()... yes
checking for rb_gc_adjust_memory_usage()... yes
checking for rb_gc_mark_movable()... yes
checking for rb_io_wait()... yes
checking for unistd.h... yes
checking for inttypes.h... yes
checking for C99 variable length arrays... yes
creating extconf.h
creating Makefile

current directory: /home/xao0isb/Desktop/test_project_1/ruby/3.1.0/gems/pg-1.5.6/ext
make DESTDIR\= clean

current directory: /home/xao0isb/Desktop/test_project_1/ruby/3.1.0/gems/pg-1.5.6/ext
make DESTDIR\=
compiling gvl_wrappers.c
compiling pg.c
compiling pg_binary_decoder.c
compiling pg_binary_encoder.c
compiling pg_coder.c
compiling pg_connection.c
compiling pg_copy_coder.c
compiling pg_errors.c
compiling pg_record_coder.c
compiling pg_result.c
compiling pg_text_decoder.c
compiling pg_text_encoder.c
compiling pg_tuple.c
compiling pg_type_map.c
compiling pg_type_map_all_strings.c
compiling pg_type_map_by_class.c
compiling pg_type_map_by_column.c
compiling pg_type_map_by_mri_type.c
compiling pg_type_map_by_oid.c
compiling pg_type_map_in_ruby.c
compiling pg_util.c
linking shared-object pg_ext.so

current directory: /home/xao0isb/Desktop/test_project_1/ruby/3.1.0/gems/pg-1.5.6/ext
make DESTDIR\= install
/usr/bin/install -c -m 0755 pg_ext.so ./.gem.20240310-16680-bc74n2
installing pg_ext libraries
